<?xml version="1.0" encoding="UTF-8"?>
<!-- Generated by org.testng.reporters.JUnitReportReporter -->
<testsuite hostname="DESKTOP-ANE9MV9" failures="0" tests="1" name="addcardfeature.AddItemToCardRunner" time="29.865" errors="0" timestamp="2025-05-30T15:13:55 IST" skipped="0">
  <testcase classname="addcardfeature.AddItemToCardRunner" name="runScenario" time="29.865"/>
  <system-out/>
</testsuite> <!-- addcardfeature.AddItemToCardRunner -->
